2021-10-25 01:01:58,739:INFO:Initializing load_model()
2021-10-25 01:01:58,741:INFO:load_model(model_name=model, platform=None, authentication=None, verbose=True)
2021-10-25 01:02:49,438:INFO:Initializing load_model()
2021-10-25 01:02:49,438:INFO:load_model(model_name=model, platform=None, authentication=None, verbose=True)
2021-10-25 01:02:49,760:INFO:Initializing predict_model()
2021-10-25 01:02:49,767:INFO:predict_model(estimator=Pipeline(steps=[('dtypes',
                 DataTypes_Auto_infer(ml_usecase='classification',
                                      numerical_features=['yearsAtCompany'],
                                      target='turnover')),
                ('imputer',
                 Simple_Imputer(categorical_strategy='not_available',
                                fill_value_categorical=None,
                                fill_value_numerical=None,
                                numeric_strategy='mean',
                                target_variable=None)),
                ('new_levels1',
                 New_Catagorical_Levels_in_TestData(rep...
                ('rem_outliers', 'passthrough'), ('cluster_all', 'passthrough'),
                ('dummy', Dummify(target='turnover')),
                ('fix_perfect', Remove_100(target='turnover')),
                ('clean_names', Clean_Colum_Names()),
                ('feature_select', 'passthrough'), ('fix_multi', 'passthrough'),
                ('dfs', 'passthrough'), ('pca', 'passthrough'),
                ['trained_model',
                 GradientBoostingClassifier(min_samples_split=5,
                                            n_estimators=500,
                                            random_state=4977)]]), probability_threshold=None, encoded_labels=False, raw_score=False, round=4, verbose=True, ml_usecase=MLUsecase.CLASSIFICATION, display=None)
2021-10-25 01:02:49,767:INFO:Checking exceptions
2021-10-25 01:02:49,768:INFO:Preloading libraries
2021-10-25 01:05:13,938:INFO:Initializing load_model()
2021-10-25 01:05:13,939:INFO:load_model(model_name=model, platform=None, authentication=None, verbose=True)
2021-10-25 01:05:15,295:INFO:Initializing load_model()
2021-10-25 01:05:15,295:INFO:load_model(model_name=model, platform=None, authentication=None, verbose=True)
2021-10-25 01:05:17,146:INFO:Initializing load_model()
2021-10-25 01:05:17,146:INFO:load_model(model_name=model, platform=None, authentication=None, verbose=True)
2021-10-25 01:05:25,951:INFO:Initializing load_model()
2021-10-25 01:05:25,952:INFO:load_model(model_name=model, platform=None, authentication=None, verbose=True)
2021-10-25 01:05:29,648:INFO:Initializing load_model()
2021-10-25 01:05:29,649:INFO:load_model(model_name=model, platform=None, authentication=None, verbose=True)
2021-10-25 01:05:30,003:INFO:Initializing predict_model()
2021-10-25 01:05:30,005:INFO:predict_model(estimator=Pipeline(steps=[('dtypes',
                 DataTypes_Auto_infer(ml_usecase='classification',
                                      numerical_features=['yearsAtCompany'],
                                      target='turnover')),
                ('imputer',
                 Simple_Imputer(categorical_strategy='not_available',
                                fill_value_categorical=None,
                                fill_value_numerical=None,
                                numeric_strategy='mean',
                                target_variable=None)),
                ('new_levels1',
                 New_Catagorical_Levels_in_TestData(rep...
                ('rem_outliers', 'passthrough'), ('cluster_all', 'passthrough'),
                ('dummy', Dummify(target='turnover')),
                ('fix_perfect', Remove_100(target='turnover')),
                ('clean_names', Clean_Colum_Names()),
                ('feature_select', 'passthrough'), ('fix_multi', 'passthrough'),
                ('dfs', 'passthrough'), ('pca', 'passthrough'),
                ['trained_model',
                 GradientBoostingClassifier(min_samples_split=5,
                                            n_estimators=500,
                                            random_state=4977)]]), probability_threshold=None, encoded_labels=False, raw_score=False, round=4, verbose=True, ml_usecase=MLUsecase.CLASSIFICATION, display=None)
2021-10-25 01:05:30,006:INFO:Checking exceptions
2021-10-25 01:05:30,006:INFO:Preloading libraries
2021-10-25 01:05:45,544:INFO:Initializing load_model()
2021-10-25 01:05:45,544:INFO:load_model(model_name=model, platform=None, authentication=None, verbose=True)
2021-10-25 01:05:46,959:INFO:Initializing load_model()
2021-10-25 01:05:46,959:INFO:load_model(model_name=model, platform=None, authentication=None, verbose=True)
2021-10-25 01:05:47,294:INFO:Initializing predict_model()
2021-10-25 01:05:47,295:INFO:predict_model(estimator=Pipeline(steps=[('dtypes',
                 DataTypes_Auto_infer(ml_usecase='classification',
                                      numerical_features=['yearsAtCompany'],
                                      target='turnover')),
                ('imputer',
                 Simple_Imputer(categorical_strategy='not_available',
                                fill_value_categorical=None,
                                fill_value_numerical=None,
                                numeric_strategy='mean',
                                target_variable=None)),
                ('new_levels1',
                 New_Catagorical_Levels_in_TestData(rep...
                ('rem_outliers', 'passthrough'), ('cluster_all', 'passthrough'),
                ('dummy', Dummify(target='turnover')),
                ('fix_perfect', Remove_100(target='turnover')),
                ('clean_names', Clean_Colum_Names()),
                ('feature_select', 'passthrough'), ('fix_multi', 'passthrough'),
                ('dfs', 'passthrough'), ('pca', 'passthrough'),
                ['trained_model',
                 GradientBoostingClassifier(min_samples_split=5,
                                            n_estimators=500,
                                            random_state=4977)]]), probability_threshold=None, encoded_labels=False, raw_score=False, round=4, verbose=True, ml_usecase=MLUsecase.CLASSIFICATION, display=None)
2021-10-25 01:05:47,296:INFO:Checking exceptions
2021-10-25 01:05:47,296:INFO:Preloading libraries
2021-10-25 09:11:57,876:INFO:Initializing load_model()
2021-10-25 09:11:57,876:INFO:load_model(model_name=model, platform=None, authentication=None, verbose=True)
2021-10-25 09:12:04,513:INFO:Initializing load_model()
2021-10-25 09:12:04,514:INFO:load_model(model_name=model, platform=None, authentication=None, verbose=True)
2021-10-25 09:12:42,143:INFO:Initializing load_model()
2021-10-25 09:12:42,144:INFO:load_model(model_name=model, platform=None, authentication=None, verbose=True)
2021-10-25 09:12:42,442:INFO:Initializing predict_model()
2021-10-25 09:12:42,447:INFO:predict_model(estimator=Pipeline(steps=[('dtypes',
                 DataTypes_Auto_infer(ml_usecase='classification',
                                      numerical_features=['yearsAtCompany'],
                                      target='turnover')),
                ('imputer',
                 Simple_Imputer(categorical_strategy='not_available',
                                fill_value_categorical=None,
                                fill_value_numerical=None,
                                numeric_strategy='mean',
                                target_variable=None)),
                ('new_levels1',
                 New_Catagorical_Levels_in_TestData(rep...
                ('rem_outliers', 'passthrough'), ('cluster_all', 'passthrough'),
                ('dummy', Dummify(target='turnover')),
                ('fix_perfect', Remove_100(target='turnover')),
                ('clean_names', Clean_Colum_Names()),
                ('feature_select', 'passthrough'), ('fix_multi', 'passthrough'),
                ('dfs', 'passthrough'), ('pca', 'passthrough'),
                ['trained_model',
                 GradientBoostingClassifier(min_samples_split=5,
                                            n_estimators=500,
                                            random_state=4977)]]), probability_threshold=None, encoded_labels=False, raw_score=False, round=4, verbose=True, ml_usecase=MLUsecase.CLASSIFICATION, display=None)
2021-10-25 09:12:42,447:INFO:Checking exceptions
2021-10-25 09:12:42,447:INFO:Preloading libraries
